<?xml version="1.0" encoding="UTF-8"?>
<testsuite xmlns:xsi="http://www.w3.org/2001/XMLSchema-instance" xsi:noNamespaceSchemaLocation="https://maven.apache.org/surefire/maven-surefire-plugin/xsd/surefire-test-report.xsd" version="3.0.2" name="com.crm.medicare.service.WorklistExamPersistenceTest" time="35.489" tests="7" errors="0" skipped="0" failures="0">
  <properties>
[...]
</properties>
  <testcase name="worklistWithoutResultsReturnsEmptyListNotError" classname="com.crm.medicare.service.WorklistExamPersistenceTest" time="4.076">
    <system-out><![CDATA[18:12:15.240 [main] INFO org.springframework.test.context.support.AnnotationConfigContextLoaderUtils -- Could not detect default configuration classes for test class [com.crm.medicare.service.WorklistExamPersistenceTest]: WorklistExamPersistenceTest does not declare any static, non-private, non-final, nested classes annotated with @Configuration.
18:12:15.528 [main] INFO org.springframework.boot.test.context.SpringBootTestContextBootstrapper -- Found @SpringBootConfiguration com.crm.medicare.MedicareApplication for test class com.crm.medicare.service.WorklistExamPersistenceTest

  .   ____          _            __ _ _
 /\\ / ___'_ __ _ _(_)_ __  __ _ \ \ \ \
( ( )\___ | '_ | '_| | '_ \/ _` | \ \ \ \
 \\/  ___)| |_)| | | | | || (_| |  ) ) ) )
  '  |____| .__|_| |_|_| |_\__, | / / / /
 =========|_|==============|___/=/_/_/_/

 :: Spring Boot ::                (v3.4.4)

2026-08-17 18:12:21,454 [main] INFO  o.s.d.r.c.RepositoryConfigurationDelegate cid= - Bootstrapping Spring Data JPA repositories in DEFAULT mode.
2026-08-17 18:12:21,845 [main] INFO  o.s.d.r.c.RepositoryConfigurationDelegate cid= - Finished Spring Data repository scanning in 324 ms. Found 8 JPA repository interfaces.
2026-08-17 18:12:24,794 [main] INFO  o.h.jpa.internal.util.LogHelper cid= - HHH000204: Processing PersistenceUnitInfo [name: default]
2026-08-17 18:12:25,056 [main] INFO  org.hibernate.Version cid= - HHH000412: Hibernate ORM core version 6.6.11.Final
2026-08-17 18:12:25,199 [main] INFO  o.h.c.i.RegionFactoryInitiator cid= - HHH000026: Second-level cache disabled
2026-08-17 18:12:26,496 [main] INFO  o.s.o.j.p.SpringPersistenceUnitInfo cid= - No LoadTimeWeaver setup: ignoring JPA class transformer
2026-08-17 18:12:26,633 [main] INFO  com.zaxxer.hikari.HikariDataSource cid= - HikariPool-1 - Starting...
2026-08-17 18:12:27,382 [main] INFO  com.zaxxer.hikari.pool.HikariPool cid= - HikariPool-1 - Added connection conn0: url=jdbc:h2:mem:medicare_test user=SA
2026-08-17 18:12:27,386 [main] INFO  com.zaxxer.hikari.HikariDataSource cid= - HikariPool-1 - Start completed.
2026-08-17 18:12:27,498 [main] WARN  org.hibernate.orm.deprecation cid= - HHH90000025: H2Dialect does not need to be specified explicitly using 'hibernate.dialect' (remove the property setting and it will be selected by default)
2026-08-17 18:12:27,586 [main] INFO  o.hibernate.orm.connections.pooling cid= - HHH10001005: Database info:
	Database JDBC URL [Connecting through datasource 'HikariDataSource (HikariPool-1)']
	Database driver: undefined/unknown
	Database version: 2.3.232
	Autocommit mode: undefined/unknown
	Isolation level: undefined/unknown
	Minimum pool size: undefined/unknown
	Maximum pool size: undefined/unknown
2026-08-17 18:12:31,518 [main] INFO  o.h.e.t.j.p.i.JtaPlatformInitiator cid= - HHH000489: No JTA platform available (set 'hibernate.transaction.jta.platform' to enable JTA platform integration)
2026-08-17 18:12:31,802 [main] INFO  o.s.o.j.LocalContainerEntityManagerFactoryBean cid= - Initialized JPA EntityManagerFactory for persistence unit 'default'
2026-08-17 18:12:33,135 [main] INFO  o.s.d.j.r.query.QueryEnhancerFactory cid= - Hibernate is in classpath; If applicable, HQL parser will be used.
2026-08-17 18:12:39,526 [main] INFO  o.s.s.c.a.a.c.InitializeAuthenticationProviderBeanManagerConfigurer$InitializeAuthenticationProviderManagerConfigurer cid= - Global AuthenticationManager configured with AuthenticationProvider bean with name authenticationProvider
2026-08-17 18:12:39,533 [main] WARN  o.s.s.c.a.a.c.InitializeUserDetailsBeanManagerConfigurer$InitializeUserDetailsManagerConfigurer cid= - Global AuthenticationManager configured with an AuthenticationProvider bean. UserDetailsService beans will not be used by Spring Security for automatically configuring username/password login. Consider removing the AuthenticationProvider bean. Alternatively, consider using the UserDetailsService in a manually instantiated DaoAuthenticationProvider. If the current configuration is intentional, to turn off this warning, increase the logging level of 'org.springframework.security.config.annotation.authentication.configuration.InitializeUserDetailsBeanManagerConfigurer' to ERROR
2026-08-17 18:12:43,367 [main] INFO  o.s.b.a.e.web.EndpointLinksResolver cid= - Exposing 3 endpoints beneath base path '/actuator'
]]></system-out>
    <system-err><![CDATA[Mockito is currently self-attaching to enable the inline-mock-maker. This will no longer work in future releases of the JDK. Please add Mockito as an agent to your build what is described in Mockito's documentation: https://javadoc.io/doc/org.mockito/mockito-core/latest/org/mockito/Mockito.html#0.3
WARNING: A Java agent has been loaded dynamically (C:\Users\acer\.m2\repository\net\bytebuddy\byte-buddy-agent\1.15.11\byte-buddy-agent-1.15.11.jar)
WARNING: If a serviceability tool is in use, please run with -XX:+EnableDynamicAgentLoading to hide this warning
WARNING: If a serviceability tool is not in use, please run with -Djdk.instrument.traceUsage for more information
WARNING: Dynamic loading of agents will be disallowed by default in a future release
]]></system-err>
  </testcase>
  <testcase name="unknownPrescripteurReturns400" classname="com.crm.medicare.service.WorklistExamPersistenceTest" time="0.499"/>
  <testcase name="invalidNaissanceReturns400" classname="com.crm.medicare.service.WorklistExamPersistenceTest" time="0.082"/>
  <testcase name="missingCinReturns400" classname="com.crm.medicare.service.WorklistExamPersistenceTest" time="0.025"/>
  <testcase name="missingRequiredFieldsReturn400" classname="com.crm.medicare.service.WorklistExamPersistenceTest" time="0.021"/>
  <testcase name="createExamReusesExistingPatientByCin" classname="com.crm.medicare.service.WorklistExamPersistenceTest" time="0.378"/>
  <testcase name="createExamPersistsPatientNumeroDossierAndAppearsInWorklist" classname="com.crm.medicare.service.WorklistExamPersistenceTest" time="0.097"/>
</testsuite>